TN:
SF:/workspace/projects/demo-rellax/src/js/App.js
FN:10,(anonymous_0)
FN:28,(anonymous_1)
FN:35,(anonymous_2)
FN:42,(anonymous_3)
FN:49,(anonymous_4)
FN:51,(anonymous_5)
FN:58,(anonymous_6)
FN:63,(anonymous_7)
FN:69,(anonymous_8)
FN:75,(anonymous_9)
FN:77,(anonymous_10)
FNF:11
FNH:4
FNDA:1,(anonymous_0)
FNDA:1,(anonymous_1)
FNDA:0,(anonymous_2)
FNDA:0,(anonymous_3)
FNDA:0,(anonymous_4)
FNDA:12,(anonymous_5)
FNDA:0,(anonymous_6)
FNDA:1,(anonymous_7)
FNDA:0,(anonymous_8)
FNDA:0,(anonymous_9)
FNDA:0,(anonymous_10)
DA:12,1
DA:13,1
DA:15,1
DA:16,12
DA:22,12
DA:24,1
DA:25,1
DA:29,1
DA:31,1
DA:32,1
DA:34,1
DA:35,1
DA:38,1
DA:39,1
DA:41,1
DA:42,1
DA:45,1
DA:46,1
DA:48,1
DA:49,1
DA:51,1
DA:52,12
DA:55,1
DA:59,0
DA:60,0
DA:64,1
DA:65,1
DA:70,0
DA:71,0
DA:72,0
DA:76,0
DA:77,0
LF:32
LH:25
BRDA:60,0,0,0
BRDA:60,0,1,0
BRF:2
BRH:0
end_of_record
TN:
SF:/workspace/projects/demo-rellax/src/js/Config.js
FNF:0
FNH:0
DA:1,2
LF:1
LH:1
BRF:0
BRH:0
end_of_record
TN:
SF:/workspace/projects/demo-rellax/src/js/Module.js
FN:6,(anonymous_0)
FN:10,(anonymous_1)
FNF:2
FNH:2
FNDA:13,(anonymous_0)
FNDA:12,(anonymous_1)
DA:2,2
DA:7,13
DA:11,12
DA:12,12
DA:13,12
DA:14,12
DA:15,12
DA:17,12
DA:18,12
DA:19,12
LF:10
LH:10
BRF:0
BRH:0
end_of_record
TN:
SF:/workspace/projects/demo-rellax/src/js/Utils.js
FN:3,(anonymous_0)
FN:7,(anonymous_1)
FN:13,(anonymous_2)
FN:17,(anonymous_3)
FNF:4
FNH:3
FNDA:12,(anonymous_0)
FNDA:12,(anonymous_1)
FNDA:12,(anonymous_2)
FNDA:0,(anonymous_3)
DA:4,12
DA:8,12
DA:14,12
DA:18,0
DA:19,0
DA:20,0
LF:6
LH:3
BRF:0
BRH:0
end_of_record
